<?xml version="1.0" encoding="UTF-8"?>
<!-- Generated by org.testng.reporters.JUnitXMLReporter -->
<testsuite ignored="0" hostname="LTIN193788" failures="3" tests="3" name="Default test" time="1.847" errors="0" timestamp="2024-02-29T13:55:27 IST">
  <testcase classname="io.cucumber.testng.AbstractTestNGCucumberTests" name="runScenario" time="0.572">
    <failure type="java.lang.NullPointerException" message="Cannot invoke &amp;quot;java.util.Properties.getProperty(String)&amp;quot; because the return value of &amp;quot;com.FindHospitals.utils.baseClass.getProperties()&amp;quot; is null">
      <![CDATA[java.lang.NullPointerException: Cannot invoke "java.util.Properties.getProperty(String)" because the return value of "com.FindHospitals.utils.baseClass.getProperties()" is null
at com.FindHospitals.utils.baseClass.initializeBrowse(baseClass.java:25)
at com.FindHospitals.stepDefinitions.hooks.setup(hooks.java:28)
]]>
    </failure>
  </testcase> <!-- runScenario -->
  <testcase classname="io.cucumber.testng.AbstractTestNGCucumberTests" name="runScenario" time="0.082">
    <failure type="java.lang.NullPointerException" message="Cannot invoke &amp;quot;java.util.Properties.getProperty(String)&amp;quot; because the return value of &amp;quot;com.FindHospitals.utils.baseClass.getProperties()&amp;quot; is null">
      <![CDATA[java.lang.NullPointerException: Cannot invoke "java.util.Properties.getProperty(String)" because the return value of "com.FindHospitals.utils.baseClass.getProperties()" is null
at com.FindHospitals.utils.baseClass.initializeBrowse(baseClass.java:25)
at com.FindHospitals.stepDefinitions.hooks.setup(hooks.java:28)
]]>
    </failure>
  </testcase> <!-- runScenario -->
  <testcase classname="io.cucumber.testng.AbstractTestNGCucumberTests" name="runScenario" time="0.038">
    <failure type="java.lang.NullPointerException" message="Cannot invoke &amp;quot;java.util.Properties.getProperty(String)&amp;quot; because the return value of &amp;quot;com.FindHospitals.utils.baseClass.getProperties()&amp;quot; is null">
      <![CDATA[java.lang.NullPointerException: Cannot invoke "java.util.Properties.getProperty(String)" because the return value of "com.FindHospitals.utils.baseClass.getProperties()" is null
at com.FindHospitals.utils.baseClass.initializeBrowse(baseClass.java:25)
at com.FindHospitals.stepDefinitions.hooks.setup(hooks.java:28)
]]>
    </failure>
  </testcase> <!-- runScenario -->
</testsuite> <!-- Default test -->
